<?xml version="1.0" encoding="UTF-8"?>
<!-- Generated by org.testng.reporters.JUnitXMLReporter -->
<testsuite ignored="0" hostname="LAPTOP-CVEA9MLS" failures="0" tests="14" name="Surefire test" time="81.8" errors="0" timestamp="2026-07-17T11:46:46 IST">
  <testcase classname="com.employee.automation.AddEmployeeTest" name="addEmployeeTest" time="5.12"/>
  <testcase classname="com.employee.automation.AnnouncementsTest" name="verifyAnnouncementsPageOpen" time="0.398"/>
  <testcase classname="com.employee.automation.AttendanceTest" name="verifyAttendancePageOpen" time="0.399"/>
  <testcase classname="com.employee.automation.DashboardTest" name="dashboardTest" time="3.059"/>
  <testcase classname="com.employee.automation.DeleteEmployeeTest" name="deleteEmployeeTest" time="9.238"/>
  <testcase classname="com.employee.automation.DepartmentTest" name="verifyDepartmentsPageOpen" time="0.508"/>
  <testcase classname="com.employee.automation.EditEmployeeTest" name="editEmployeeTest" time="5.147"/>
  <testcase classname="com.employee.automation.EmployeeListTest" name="employeeListTest" time="3.149"/>
  <testcase classname="com.employee.automation.LoginTest" name="adminLoginTest" time="7.685"/>
  <testcase classname="com.employee.automation.LogoutTest" name="logoutTest" time="6.233"/>
  <testcase classname="com.employee.automation.MyProfileTest" name="myProfileTest" time="6.231"/>
  <testcase classname="com.employee.automation.ReportsTest" name="verifyReportsPageOpen" time="0.398"/>
  <testcase classname="com.employee.automation.SearchEmployeeTest" name="searchEmployeeTest" time="0.165"/>
  <testcase classname="com.employee.automation.ValidationTest" name="employeeValidationTest" time="7.517"/>
</testsuite> <!-- Surefire test -->
