<?xml version="1.0" encoding="UTF-8"?>
<testng-results ignored="0" total="14" passed="14" failed="0" skipped="0">
  <reporter-output>
  </reporter-output>
  <suite started-at="2026-07-17T11:45:24 IST" name="Surefire suite" finished-at="2026-07-17T11:46:46 IST" duration-ms="81800">
    <groups>
    </groups>
    <test started-at="2026-07-17T11:45:24 IST" name="Surefire test" finished-at="2026-07-17T11:46:46 IST" duration-ms="81800">
      <class name="com.employee.automation.DepartmentTest">
        <test-method is-config="true" signature="setup()[pri:0, instance:com.employee.automation.DepartmentTest@3745e5c6]" started-at="2026-07-17T11:45:53 IST" name="setup" finished-at="2026-07-17T11:45:55 IST" duration-ms="1422" status="PASS">
          <reporter-output>
          </reporter-output>
        </test-method> <!-- setup -->
        <test-method signature="verifyDepartmentsPageOpen()[pri:0, instance:com.employee.automation.DepartmentTest@3745e5c6]" started-at="2026-07-17T11:45:55 IST" name="verifyDepartmentsPageOpen" finished-at="2026-07-17T11:45:55 IST" duration-ms="508" status="PASS">
          <reporter-output>
          </reporter-output>
        </test-method> <!-- verifyDepartmentsPageOpen -->
        <test-method is-config="true" signature="tearDown()[pri:0, instance:com.employee.automation.DepartmentTest@3745e5c6]" started-at="2026-07-17T11:45:55 IST" name="tearDown" finished-at="2026-07-17T11:45:55 IST" duration-ms="204" status="PASS">
          <reporter-output>
          </reporter-output>
        </test-method> <!-- tearDown -->
      </class> <!-- com.employee.automation.DepartmentTest -->
      <class name="com.employee.automation.AnnouncementsTest">
        <test-method is-config="true" signature="setup()[pri:0, instance:com.employee.automation.AnnouncementsTest@6ab7a896]" started-at="2026-07-17T11:45:33 IST" name="setup" finished-at="2026-07-17T11:45:34 IST" duration-ms="1414" status="PASS">
          <reporter-output>
          </reporter-output>
        </test-method> <!-- setup -->
        <test-method signature="verifyAnnouncementsPageOpen()[pri:0, instance:com.employee.automation.AnnouncementsTest@6ab7a896]" started-at="2026-07-17T11:45:34 IST" name="verifyAnnouncementsPageOpen" finished-at="2026-07-17T11:45:35 IST" duration-ms="398" status="PASS">
          <reporter-output>
          </reporter-output>
        </test-method> <!-- verifyAnnouncementsPageOpen -->
        <test-method is-config="true" signature="tearDown()[pri:0, instance:com.employee.automation.AnnouncementsTest@6ab7a896]" started-at="2026-07-17T11:45:35 IST" name="tearDown" finished-at="2026-07-17T11:45:35 IST" duration-ms="174" status="PASS">
          <reporter-output>
          </reporter-output>
        </test-method> <!-- tearDown -->
      </class> <!-- com.employee.automation.AnnouncementsTest -->
      <class name="com.employee.automation.EditEmployeeTest">
        <test-method is-config="true" signature="setup()[pri:0, instance:com.employee.automation.EditEmployeeTest@5e4c8041]" started-at="2026-07-17T11:45:55 IST" name="setup" finished-at="2026-07-17T11:45:58 IST" duration-ms="2565" status="PASS">
          <reporter-output>
          </reporter-output>
        </test-method> <!-- setup -->
        <test-method signature="editEmployeeTest()[pri:0, instance:com.employee.automation.EditEmployeeTest@5e4c8041]" started-at="2026-07-17T11:45:58 IST" name="editEmployeeTest" finished-at="2026-07-17T11:46:03 IST" duration-ms="5147" status="PASS">
          <reporter-output>
          </reporter-output>
        </test-method> <!-- editEmployeeTest -->
        <test-method is-config="true" signature="tearDown()[pri:0, instance:com.employee.automation.EditEmployeeTest@5e4c8041]" started-at="2026-07-17T11:46:03 IST" name="tearDown" finished-at="2026-07-17T11:46:03 IST" duration-ms="280" status="PASS">
          <reporter-output>
          </reporter-output>
        </test-method> <!-- tearDown -->
      </class> <!-- com.employee.automation.EditEmployeeTest -->
      <class name="com.employee.automation.AttendanceTest">
        <test-method is-config="true" signature="setup()[pri:0, instance:com.employee.automation.AttendanceTest@327b636c]" started-at="2026-07-17T11:45:35 IST" name="setup" finished-at="2026-07-17T11:45:36 IST" duration-ms="1257" status="PASS">
          <reporter-output>
          </reporter-output>
        </test-method> <!-- setup -->
        <test-method signature="verifyAttendancePageOpen()[pri:0, instance:com.employee.automation.AttendanceTest@327b636c]" started-at="2026-07-17T11:45:36 IST" name="verifyAttendancePageOpen" finished-at="2026-07-17T11:45:36 IST" duration-ms="399" status="PASS">
          <reporter-output>
          </reporter-output>
        </test-method> <!-- verifyAttendancePageOpen -->
        <test-method is-config="true" signature="tearDown()[pri:0, instance:com.employee.automation.AttendanceTest@327b636c]" started-at="2026-07-17T11:45:36 IST" name="tearDown" finished-at="2026-07-17T11:45:37 IST" duration-ms="221" status="PASS">
          <reporter-output>
          </reporter-output>
        </test-method> <!-- tearDown -->
      </class> <!-- com.employee.automation.AttendanceTest -->
      <class name="com.employee.automation.MyProfileTest">
        <test-method is-config="true" signature="setup()[pri:0, instance:com.employee.automation.MyProfileTest@3bd40a57]" started-at="2026-07-17T11:46:25 IST" name="setup" finished-at="2026-07-17T11:46:26 IST" duration-ms="1522" status="PASS">
          <reporter-output>
          </reporter-output>
        </test-method> <!-- setup -->
        <test-method signature="myProfileTest()[pri:0, instance:com.employee.automation.MyProfileTest@3bd40a57]" started-at="2026-07-17T11:46:26 IST" name="myProfileTest" finished-at="2026-07-17T11:46:32 IST" duration-ms="6231" status="PASS">
          <reporter-output>
          </reporter-output>
        </test-method> <!-- myProfileTest -->
        <test-method is-config="true" signature="tearDown()[pri:0, instance:com.employee.automation.MyProfileTest@3bd40a57]" started-at="2026-07-17T11:46:32 IST" name="tearDown" finished-at="2026-07-17T11:46:33 IST" duration-ms="273" status="PASS">
          <reporter-output>
          </reporter-output>
        </test-method> <!-- tearDown -->
      </class> <!-- com.employee.automation.MyProfileTest -->
      <class name="com.employee.automation.DeleteEmployeeTest">
        <test-method is-config="true" signature="setup()[pri:0, instance:com.employee.automation.DeleteEmployeeTest@60611244]" started-at="2026-07-17T11:45:41 IST" name="setup" finished-at="2026-07-17T11:45:44 IST" duration-ms="2366" status="PASS">
          <reporter-output>
          </reporter-output>
        </test-method> <!-- setup -->
        <test-method signature="deleteEmployeeTest()[pri:0, instance:com.employee.automation.DeleteEmployeeTest@60611244]" started-at="2026-07-17T11:45:44 IST" name="deleteEmployeeTest" finished-at="2026-07-17T11:45:53 IST" duration-ms="9238" status="PASS">
          <reporter-output>
          </reporter-output>
        </test-method> <!-- deleteEmployeeTest -->
        <test-method is-config="true" signature="tearDown()[pri:0, instance:com.employee.automation.DeleteEmployeeTest@60611244]" started-at="2026-07-17T11:45:53 IST" name="tearDown" finished-at="2026-07-17T11:45:53 IST" duration-ms="301" status="PASS">
          <reporter-output>
          </reporter-output>
        </test-method> <!-- tearDown -->
      </class> <!-- com.employee.automation.DeleteEmployeeTest -->
      <class name="com.employee.automation.ValidationTest">
        <test-method is-config="true" signature="setup()[pri:0, instance:com.employee.automation.ValidationTest@a4102b8]" started-at="2026-07-17T11:46:36 IST" name="setup" finished-at="2026-07-17T11:46:38 IST" duration-ms="1592" status="PASS">
          <reporter-output>
          </reporter-output>
        </test-method> <!-- setup -->
        <test-method signature="employeeValidationTest()[pri:0, instance:com.employee.automation.ValidationTest@a4102b8]" started-at="2026-07-17T11:46:38 IST" name="employeeValidationTest" finished-at="2026-07-17T11:46:46 IST" duration-ms="7517" status="PASS">
          <reporter-output>
          </reporter-output>
        </test-method> <!-- employeeValidationTest -->
        <test-method is-config="true" signature="tearDown()[pri:0, instance:com.employee.automation.ValidationTest@a4102b8]" started-at="2026-07-17T11:46:46 IST" name="tearDown" finished-at="2026-07-17T11:46:46 IST" duration-ms="238" status="PASS">
          <reporter-output>
          </reporter-output>
        </test-method> <!-- tearDown -->
      </class> <!-- com.employee.automation.ValidationTest -->
      <class name="com.employee.automation.SearchEmployeeTest">
        <test-method is-config="true" signature="setup()[pri:0, instance:com.employee.automation.SearchEmployeeTest@d83da2e]" started-at="2026-07-17T11:46:34 IST" name="setup" finished-at="2026-07-17T11:46:36 IST" duration-ms="1686" status="PASS">
          <reporter-output>
          </reporter-output>
        </test-method> <!-- setup -->
        <test-method signature="searchEmployeeTest()[pri:0, instance:com.employee.automation.SearchEmployeeTest@d83da2e]" started-at="2026-07-17T11:46:36 IST" name="searchEmployeeTest" finished-at="2026-07-17T11:46:36 IST" duration-ms="165" status="PASS">
          <reporter-output>
          </reporter-output>
        </test-method> <!-- searchEmployeeTest -->
        <test-method is-config="true" signature="close()[pri:0, instance:com.employee.automation.SearchEmployeeTest@d83da2e]" started-at="2026-07-17T11:46:36 IST" name="close" finished-at="2026-07-17T11:46:36 IST" duration-ms="216" status="PASS">
          <reporter-output>
          </reporter-output>
        </test-method> <!-- close -->
      </class> <!-- com.employee.automation.SearchEmployeeTest -->
      <class name="com.employee.automation.LogoutTest">
        <test-method is-config="true" signature="setup()[pri:0, instance:com.employee.automation.LogoutTest@1a0dcaa]" started-at="2026-07-17T11:46:16 IST" name="setup" finished-at="2026-07-17T11:46:18 IST" duration-ms="1645" status="PASS">
          <reporter-output>
          </reporter-output>
        </test-method> <!-- setup -->
        <test-method signature="logoutTest()[pri:0, instance:com.employee.automation.LogoutTest@1a0dcaa]" started-at="2026-07-17T11:46:18 IST" name="logoutTest" finished-at="2026-07-17T11:46:24 IST" duration-ms="6233" status="PASS">
          <reporter-output>
          </reporter-output>
        </test-method> <!-- logoutTest -->
        <test-method is-config="true" signature="tearDown()[pri:0, instance:com.employee.automation.LogoutTest@1a0dcaa]" started-at="2026-07-17T11:46:24 IST" name="tearDown" finished-at="2026-07-17T11:46:25 IST" duration-ms="346" status="PASS">
          <reporter-output>
          </reporter-output>
        </test-method> <!-- tearDown -->
      </class> <!-- com.employee.automation.LogoutTest -->
      <class name="com.employee.automation.AddEmployeeTest">
        <test-method is-config="true" signature="setup()[pri:0, instance:com.employee.automation.AddEmployeeTest@2b6856dd]" started-at="2026-07-17T11:45:24 IST" name="setup" finished-at="2026-07-17T11:45:27 IST" duration-ms="3246" status="PASS">
          <reporter-output>
          </reporter-output>
        </test-method> <!-- setup -->
        <test-method signature="addEmployeeTest()[pri:0, instance:com.employee.automation.AddEmployeeTest@2b6856dd]" started-at="2026-07-17T11:45:27 IST" name="addEmployeeTest" finished-at="2026-07-17T11:45:32 IST" duration-ms="5120" status="PASS">
          <reporter-output>
          </reporter-output>
        </test-method> <!-- addEmployeeTest -->
        <test-method is-config="true" signature="tearDown()[pri:0, instance:com.employee.automation.AddEmployeeTest@2b6856dd]" started-at="2026-07-17T11:45:32 IST" name="tearDown" finished-at="2026-07-17T11:45:33 IST" duration-ms="267" status="PASS">
          <reporter-output>
          </reporter-output>
        </test-method> <!-- tearDown -->
      </class> <!-- com.employee.automation.AddEmployeeTest -->
      <class name="com.employee.automation.LoginTest">
        <test-method signature="adminLoginTest()[pri:0, instance:com.employee.automation.LoginTest@19d37183]" started-at="2026-07-17T11:46:09 IST" name="adminLoginTest" finished-at="2026-07-17T11:46:16 IST" duration-ms="7685" status="PASS">
          <reporter-output>
          </reporter-output>
        </test-method> <!-- adminLoginTest -->
      </class> <!-- com.employee.automation.LoginTest -->
      <class name="com.employee.automation.EmployeeListTest">
        <test-method is-config="true" signature="setup()[pri:0, instance:com.employee.automation.EmployeeListTest@71c8becc]" started-at="2026-07-17T11:46:03 IST" name="setup" finished-at="2026-07-17T11:46:05 IST" duration-ms="1711" status="PASS">
          <reporter-output>
          </reporter-output>
        </test-method> <!-- setup -->
        <test-method signature="employeeListTest()[pri:0, instance:com.employee.automation.EmployeeListTest@71c8becc]" started-at="2026-07-17T11:46:05 IST" name="employeeListTest" finished-at="2026-07-17T11:46:08 IST" duration-ms="3149" status="PASS">
          <reporter-output>
          </reporter-output>
        </test-method> <!-- employeeListTest -->
        <test-method is-config="true" signature="tearDown()[pri:0, instance:com.employee.automation.EmployeeListTest@71c8becc]" started-at="2026-07-17T11:46:08 IST" name="tearDown" finished-at="2026-07-17T11:46:09 IST" duration-ms="315" status="PASS">
          <reporter-output>
          </reporter-output>
        </test-method> <!-- tearDown -->
      </class> <!-- com.employee.automation.EmployeeListTest -->
      <class name="com.employee.automation.ReportsTest">
        <test-method is-config="true" signature="setup()[pri:0, instance:com.employee.automation.ReportsTest@fdefd3f]" started-at="2026-07-17T11:46:33 IST" name="setup" finished-at="2026-07-17T11:46:34 IST" duration-ms="1156" status="PASS">
          <reporter-output>
          </reporter-output>
        </test-method> <!-- setup -->
        <test-method signature="verifyReportsPageOpen()[pri:0, instance:com.employee.automation.ReportsTest@fdefd3f]" started-at="2026-07-17T11:46:34 IST" name="verifyReportsPageOpen" finished-at="2026-07-17T11:46:34 IST" duration-ms="398" status="PASS">
          <reporter-output>
          </reporter-output>
        </test-method> <!-- verifyReportsPageOpen -->
        <test-method is-config="true" signature="tearDown()[pri:0, instance:com.employee.automation.ReportsTest@fdefd3f]" started-at="2026-07-17T11:46:34 IST" name="tearDown" finished-at="2026-07-17T11:46:34 IST" duration-ms="308" status="PASS">
          <reporter-output>
          </reporter-output>
        </test-method> <!-- tearDown -->
      </class> <!-- com.employee.automation.ReportsTest -->
      <class name="com.employee.automation.DashboardTest">
        <test-method is-config="true" signature="setup()[pri:0, instance:com.employee.automation.DashboardTest@45dd4eda]" started-at="2026-07-17T11:45:37 IST" name="setup" finished-at="2026-07-17T11:45:38 IST" duration-ms="1505" status="PASS">
          <reporter-output>
          </reporter-output>
        </test-method> <!-- setup -->
        <test-method signature="dashboardTest()[pri:0, instance:com.employee.automation.DashboardTest@45dd4eda]" started-at="2026-07-17T11:45:38 IST" name="dashboardTest" finished-at="2026-07-17T11:45:41 IST" duration-ms="3059" status="PASS">
          <reporter-output>
          </reporter-output>
        </test-method> <!-- dashboardTest -->
        <test-method is-config="true" signature="tearDown()[pri:0, instance:com.employee.automation.DashboardTest@45dd4eda]" started-at="2026-07-17T11:45:41 IST" name="tearDown" finished-at="2026-07-17T11:45:41 IST" duration-ms="248" status="PASS">
          <reporter-output>
          </reporter-output>
        </test-method> <!-- tearDown -->
      </class> <!-- com.employee.automation.DashboardTest -->
    </test> <!-- Surefire test -->
  </suite> <!-- Surefire suite -->
</testng-results>
