<?xml version="1.0" encoding="UTF-8"?>
<testsuite xmlns:xsi="http://www.w3.org/2001/XMLSchema-instance" xsi:noNamespaceSchemaLocation="https://maven.apache.org/surefire/maven-surefire-plugin/xsd/surefire-test-report-3.0.xsd" version="3.0" name="TestSuite" time="82.366" tests="14" errors="0" skipped="0" failures="0">
  <properties>
[...]
</properties>
  <testcase name="addEmployeeTest" classname="com.employee.automation.AddEmployeeTest" time="5.12">
    <system-out><![CDATA[✅ Employee Added Successfully
✅ Add Employee Test Passed
]]></system-out>
    <system-err><![CDATA[SLF4J(W): No SLF4J providers were found.
SLF4J(W): Defaulting to no-operation (NOP) logger implementation
SLF4J(W): See https://www.slf4j.org/codes.html#noProviders for further details.
Jul 17, 2026 11:45:26 AM org.openqa.selenium.devtools.CdpVersionFinder findNearestMatch
WARNING: Unable to find CDP implementation matching 150
Jul 17, 2026 11:45:26 AM org.openqa.selenium.chromium.ChromiumDriver lambda$new$5
WARNING: Unable to find version of CDP to use for 150.0.7871.125. You may need to include a dependency on a specific version of the CDP using something similar to `org.seleniumhq.selenium:selenium-devtools-v86:4.23.1` where the version ("v86") matches the version of the chromium-based browser you're using and the version number of the artifact is the same as Selenium's.
]]></system-err>
  </testcase>
  <testcase name="verifyAnnouncementsPageOpen" classname="com.employee.automation.AnnouncementsTest" time="0.397">
    <system-out><![CDATA[Announcements page opened successfully
]]></system-out>
    <system-err><![CDATA[Jul 17, 2026 11:45:34 AM org.openqa.selenium.devtools.CdpVersionFinder findNearestMatch
WARNING: Unable to find CDP implementation matching 150
Jul 17, 2026 11:45:34 AM org.openqa.selenium.chromium.ChromiumDriver lambda$new$5
WARNING: Unable to find version of CDP to use for 150.0.7871.125. You may need to include a dependency on a specific version of the CDP using something similar to `org.seleniumhq.selenium:selenium-devtools-v86:4.23.1` where the version ("v86") matches the version of the chromium-based browser you're using and the version number of the artifact is the same as Selenium's.
]]></system-err>
  </testcase>
  <testcase name="verifyAttendancePageOpen" classname="com.employee.automation.AttendanceTest" time="0.4">
    <system-out><![CDATA[Attendance page opened successfully
]]></system-out>
    <system-err><![CDATA[Jul 17, 2026 11:45:36 AM org.openqa.selenium.devtools.CdpVersionFinder findNearestMatch
WARNING: Unable to find CDP implementation matching 150
Jul 17, 2026 11:45:36 AM org.openqa.selenium.chromium.ChromiumDriver lambda$new$5
WARNING: Unable to find version of CDP to use for 150.0.7871.125. You may need to include a dependency on a specific version of the CDP using something similar to `org.seleniumhq.selenium:selenium-devtools-v86:4.23.1` where the version ("v86") matches the version of the chromium-based browser you're using and the version number of the artifact is the same as Selenium's.
]]></system-err>
  </testcase>
  <testcase name="dashboardTest" classname="com.employee.automation.DashboardTest" time="3.06">
    <system-out><![CDATA[ABC Technology
Employee Portal
Home
User
Logout
🏢 ABC Technology
Welcome null 👋
Employee Management System Dashboard
Total Employees
33
Total Departments
5
Active Employees
33
Company
EMS
Dashboard Test Passed Successfully
]]></system-out>
    <system-err><![CDATA[Jul 17, 2026 11:45:38 AM org.openqa.selenium.devtools.CdpVersionFinder findNearestMatch
WARNING: Unable to find CDP implementation matching 150
Jul 17, 2026 11:45:38 AM org.openqa.selenium.chromium.ChromiumDriver lambda$new$5
WARNING: Unable to find version of CDP to use for 150.0.7871.125. You may need to include a dependency on a specific version of the CDP using something similar to `org.seleniumhq.selenium:selenium-devtools-v86:4.23.1` where the version ("v86") matches the version of the chromium-based browser you're using and the version number of the artifact is the same as Selenium's.
]]></system-err>
  </testcase>
  <testcase name="deleteEmployeeTest" classname="com.employee.automation.DeleteEmployeeTest" time="9.24">
    <system-out><![CDATA[Before Delete = 1
Are you sure you want to delete this employee?
🗑️ Employee Deleted Successfully
After Delete = 32
✅ Delete Employee Test Passed
]]></system-out>
    <system-err><![CDATA[Jul 17, 2026 11:45:43 AM org.openqa.selenium.devtools.CdpVersionFinder findNearestMatch
WARNING: Unable to find CDP implementation matching 150
Jul 17, 2026 11:45:43 AM org.openqa.selenium.chromium.ChromiumDriver lambda$new$5
WARNING: Unable to find version of CDP to use for 150.0.7871.125. You may need to include a dependency on a specific version of the CDP using something similar to `org.seleniumhq.selenium:selenium-devtools-v86:4.23.1` where the version ("v86") matches the version of the chromium-based browser you're using and the version number of the artifact is the same as Selenium's.
]]></system-err>
  </testcase>
  <testcase name="verifyDepartmentsPageOpen" classname="com.employee.automation.DepartmentTest" time="0.509">
    <system-out><![CDATA[Departments page opened successfully
]]></system-out>
    <system-err><![CDATA[Jul 17, 2026 11:45:55 AM org.openqa.selenium.devtools.CdpVersionFinder findNearestMatch
WARNING: Unable to find CDP implementation matching 150
Jul 17, 2026 11:45:55 AM org.openqa.selenium.chromium.ChromiumDriver lambda$new$5
WARNING: Unable to find version of CDP to use for 150.0.7871.125. You may need to include a dependency on a specific version of the CDP using something similar to `org.seleniumhq.selenium:selenium-devtools-v86:4.23.1` where the version ("v86") matches the version of the chromium-based browser you're using and the version number of the artifact is the same as Selenium's.
]]></system-err>
  </testcase>
  <testcase name="editEmployeeTest" classname="com.employee.automation.EditEmployeeTest" time="5.15">
    <system-out><![CDATA[✅ Employee Updated Successfully
✅ Edit Employee Test Passed
]]></system-out>
    <system-err><![CDATA[Jul 17, 2026 11:45:57 AM org.openqa.selenium.devtools.CdpVersionFinder findNearestMatch
WARNING: Unable to find CDP implementation matching 150
Jul 17, 2026 11:45:57 AM org.openqa.selenium.chromium.ChromiumDriver lambda$new$5
WARNING: Unable to find version of CDP to use for 150.0.7871.125. You may need to include a dependency on a specific version of the CDP using something similar to `org.seleniumhq.selenium:selenium-devtools-v86:4.23.1` where the version ("v86") matches the version of the chromium-based browser you're using and the version number of the artifact is the same as Selenium's.
]]></system-err>
  </testcase>
  <testcase name="employeeListTest" classname="com.employee.automation.EmployeeListTest" time="3.153">
    <system-out><![CDATA[Employee List Test Passed Successfully
]]></system-out>
    <system-err><![CDATA[Jul 17, 2026 11:46:05 AM org.openqa.selenium.devtools.CdpVersionFinder findNearestMatch
WARNING: Unable to find CDP implementation matching 150
Jul 17, 2026 11:46:05 AM org.openqa.selenium.chromium.ChromiumDriver lambda$new$5
WARNING: Unable to find version of CDP to use for 150.0.7871.125. You may need to include a dependency on a specific version of the CDP using something similar to `org.seleniumhq.selenium:selenium-devtools-v86:4.23.1` where the version ("v86") matches the version of the chromium-based browser you're using and the version number of the artifact is the same as Selenium's.
]]></system-err>
  </testcase>
  <testcase name="adminLoginTest" classname="com.employee.automation.LoginTest" time="7.687">
    <system-out><![CDATA[http://localhost:5173/home
]]></system-out>
    <system-err><![CDATA[Jul 17, 2026 11:46:10 AM org.openqa.selenium.devtools.CdpVersionFinder findNearestMatch
WARNING: Unable to find CDP implementation matching 150
Jul 17, 2026 11:46:10 AM org.openqa.selenium.chromium.ChromiumDriver lambda$new$5
WARNING: Unable to find version of CDP to use for 150.0.7871.125. You may need to include a dependency on a specific version of the CDP using something similar to `org.seleniumhq.selenium:selenium-devtools-v86:4.23.1` where the version ("v86") matches the version of the chromium-based browser you're using and the version number of the artifact is the same as Selenium's.
]]></system-err>
  </testcase>
  <testcase name="logoutTest" classname="com.employee.automation.LogoutTest" time="6.236">
    <system-out><![CDATA[Logout Test Passed Successfully
]]></system-out>
    <system-err><![CDATA[Jul 17, 2026 11:46:17 AM org.openqa.selenium.devtools.CdpVersionFinder findNearestMatch
WARNING: Unable to find CDP implementation matching 150
Jul 17, 2026 11:46:17 AM org.openqa.selenium.chromium.ChromiumDriver lambda$new$5
WARNING: Unable to find version of CDP to use for 150.0.7871.125. You may need to include a dependency on a specific version of the CDP using something similar to `org.seleniumhq.selenium:selenium-devtools-v86:4.23.1` where the version ("v86") matches the version of the chromium-based browser you're using and the version number of the artifact is the same as Selenium's.
]]></system-err>
  </testcase>
  <testcase name="myProfileTest" classname="com.employee.automation.MyProfileTest" time="6.229">
    <system-out><![CDATA[My Profile Test Passed Successfully
]]></system-out>
    <system-err><![CDATA[Jul 17, 2026 11:46:26 AM org.openqa.selenium.devtools.CdpVersionFinder findNearestMatch
WARNING: Unable to find CDP implementation matching 150
Jul 17, 2026 11:46:26 AM org.openqa.selenium.chromium.ChromiumDriver lambda$new$5
WARNING: Unable to find version of CDP to use for 150.0.7871.125. You may need to include a dependency on a specific version of the CDP using something similar to `org.seleniumhq.selenium:selenium-devtools-v86:4.23.1` where the version ("v86") matches the version of the chromium-based browser you're using and the version number of the artifact is the same as Selenium's.
]]></system-err>
  </testcase>
  <testcase name="verifyReportsPageOpen" classname="com.employee.automation.ReportsTest" time="0.395">
    <system-out><![CDATA[Reports page opened successfully
]]></system-out>
    <system-err><![CDATA[Jul 17, 2026 11:46:34 AM org.openqa.selenium.devtools.CdpVersionFinder findNearestMatch
WARNING: Unable to find CDP implementation matching 150
Jul 17, 2026 11:46:34 AM org.openqa.selenium.chromium.ChromiumDriver lambda$new$5
WARNING: Unable to find version of CDP to use for 150.0.7871.125. You may need to include a dependency on a specific version of the CDP using something similar to `org.seleniumhq.selenium:selenium-devtools-v86:4.23.1` where the version ("v86") matches the version of the chromium-based browser you're using and the version number of the artifact is the same as Selenium's.
]]></system-err>
  </testcase>
  <testcase name="searchEmployeeTest" classname="com.employee.automation.SearchEmployeeTest" time="0.165">
    <system-out><![CDATA[Search Test Passed
]]></system-out>
    <system-err><![CDATA[Jul 17, 2026 11:46:36 AM org.openqa.selenium.devtools.CdpVersionFinder findNearestMatch
WARNING: Unable to find CDP implementation matching 150
Jul 17, 2026 11:46:36 AM org.openqa.selenium.chromium.ChromiumDriver lambda$new$5
WARNING: Unable to find version of CDP to use for 150.0.7871.125. You may need to include a dependency on a specific version of the CDP using something similar to `org.seleniumhq.selenium:selenium-devtools-v86:4.23.1` where the version ("v86") matches the version of the chromium-based browser you're using and the version number of the artifact is the same as Selenium's.
]]></system-err>
  </testcase>
  <testcase name="employeeValidationTest" classname="com.employee.automation.ValidationTest" time="7.521">
    <system-out><![CDATA[Validation Test Passed Successfully
]]></system-out>
    <system-err><![CDATA[Jul 17, 2026 11:46:38 AM org.openqa.selenium.devtools.CdpVersionFinder findNearestMatch
WARNING: Unable to find CDP implementation matching 150
Jul 17, 2026 11:46:38 AM org.openqa.selenium.chromium.ChromiumDriver lambda$new$5
WARNING: Unable to find version of CDP to use for 150.0.7871.125. You may need to include a dependency on a specific version of the CDP using something similar to `org.seleniumhq.selenium:selenium-devtools-v86:4.23.1` where the version ("v86") matches the version of the chromium-based browser you're using and the version number of the artifact is the same as Selenium's.
]]></system-err>
  </testcase>
</testsuite>